Drill Listing
=============
Drill: .00984  Tool: 1  Feed: 0  Speed: 0
X 105200  Y 105640
X 105200  Y 114890
X 105200  Y 110390
X 105675  Y 103150
X 107500  Y 118210
X 108700  Y 103040
X 111010  Y 106230
X 112000  Y 122790
X 112000  Y 125890
X 112150  Y 118240
X 112200  Y 101640
X 113500  Y 124340
X 113500  Y 121240
X 114400  Y 105240
X 116300  Y 106240
X 116500  Y 117840
X 117640  Y 119660
X 119200  Y 101640
X 122097  Y 107040
X 123000  Y 118840
X 126200  Y 101640
X 127250  Y 119477
X 127800  Y 109380
X 128519  Y 116839
X 132310  Y 119040
X 132800  Y 108200
X 133200  Y 101640
X 134278  Y 124212
X 134550  Y 107040
X 136050  Y 108499
X 137034  Y 121456
X 137034  Y 124212
X 138710  Y 104900
X 140000  Y 108000
X 140200  Y 114440
X 140200  Y 101640
X 141365  Y 121456
X 141365  Y 124212
X 143100  Y 107000
X 143600  Y 103040
X 144121  Y 124212
X 145130  Y 106110
X 146100  Y 108200
X 146600  Y 125393
X 146630  Y 123299
X 148580  Y 116029
X 149290  Y 102930
X 150340  Y 106700
X 151342  Y 123052
X 152850  Y 104800
X 152850  Y 101640
X 152980  Y 120649
X 153020  Y 117400
X 153270  Y 108150
X 154000  Y 111900
X 155118  Y 115500
X 156100  Y 111600
X 157530  Y 114590
X 158700  Y 104800
X 158700  Y 101640
X 160120  Y 112550
X 163622  Y 114099
X 164870  Y 115850
X 165130  Y 118750
X 165700  Y 101640
X 165700  Y 121840
X 165700  Y 104800
X 165700  Y 124540
X 165706  Y 109688
X 165730  Y 146520
X 165722  Y 129920
X 165720  Y 150099
X 165700  Y 127240
X 165572  Y 132220
X 165500  Y 136700
X 165200  Y 142200
X 162984  Y 132591
X 161000  Y 136700
X 157760  Y 132260
X 157656  Y 129990
X 156400  Y 136700
X 154805  Y 151205
X 154640  Y 140800
X 154550  Y 143250
X 153693  Y 129978
X 153600  Y 136700
X 152180  Y 140990
X 152100  Y 143190
X 149500  Y 143424
X 149413  Y 138397
X 149375  Y 146174
X 149375  Y 140924
X 146650  Y 151370
X 144770  Y 149360
X 144121  Y 128543
X 144000  Y 141490
X 143980  Y 144060
X 142740  Y 148430
X 142420  Y 146040
X 141550  Y 143880
X 141365  Y 128543
X 140730  Y 148340
X 139980  Y 145400
X 139760  Y 138190
X 138250  Y 139690
X 137910  Y 149500
X 137034  Y 128543
X 137034  Y 131299
X 136630  Y 141000
X 135886  Y 146655
X 135299  Y 143791
X 135000  Y 139690
X 134278  Y 128543
X 133790  Y 141460
X 133500  Y 148140
X 133300  Y 138440
X 131800  Y 129330
X 130800  Y 150449
X 130100  Y 138990
X 128400  Y 148140
X 128250  Y 136040
X 127500  Y 138740
X 127500  Y 142040
X 127100  Y 134170
X 124000  Y 148140
X 123000  Y 131740
X 122010  Y 143240
X 121310  Y 130530
X 119600  Y 131740
X 118300  Y 148140
X 117900  Y 130530
X 117000  Y 143240
X 116200  Y 131740
X 113500  Y 127440
X 113500  Y 131240
X 112660  Y 148140
X 112100  Y 143240
X 112000  Y 128990
X 110700  Y 131240
X 107840  Y 131210
X 106915  Y 148292
X 105200  Y 136840
X 105200  Y 132740
X 105200  Y 142490
X 101700  Y 154549
X 105200  Y 152299
X 107700  Y 154549
X 110513  Y 152493
X 113700  Y 154549
X 116676  Y 152455
X 119700  Y 154549
X 122714  Y 152518
X 125700  Y 154549
X 128628  Y 152518
X 131700  Y 154549
X 134591  Y 152543
X 137700  Y 154549
X 140641  Y 152480
X 143700  Y 154549
X 147680  Y 154655
X 149380  Y 152150
X 151255  Y 154680
X 152110  Y 152140
X 154750  Y 154120
X 165520  Y 154030
X 169100  Y 154549

Drill: .02165  Tool: 2  Feed: 197  Speed: 550
X 100000  Y 121259
X 100000  Y 115354
X 100000  Y 109448
X 100000  Y 103543
X 170866  Y 115354
X 170866  Y 109448
X 170866  Y 103543
X 170866  Y 121259
X 170866  Y 138976
X 170866  Y 127165
X 170866  Y 133070
X 170866  Y 144881
X 170866  Y 150787
X 100000  Y 127165
X 100000  Y 150787
X 100000  Y 144881
X 100000  Y 138976
X 100000  Y 133070

End of Listing
